<?xml version="1.0" encoding="UTF-8"?>
<!-- Generated by org.testng.reporters.JUnitXMLReporter -->
<testsuite ignored="0" hostname="Vaibhav-HP" failures="1" tests="1" name="edge test" time="76.087" errors="0" timestamp="2024-09-30T22:16:31 IST">
  <testcase classname="testCases.TC_CalendarTest" name="verifyCalendar" time="2.874">
    <failure type="java.lang.AssertionError" message="null">
      <![CDATA[java.lang.AssertionError: null
at testCases.TC_CalendarTest.verifyCalendar(TC_CalendarTest.java:51)
at java.base/java.util.ArrayList.forEach(ArrayList.java:1596)
... Removed 27 stack frames]]>
    </failure>
  </testcase> <!-- verifyCalendar -->
</testsuite> <!-- edge test -->
