<?xml version="1.0" encoding="UTF-8"?>
<!-- Generated by org.testng.reporters.JUnitXMLReporter -->
<testsuite ignored="0" hostname="Vaibhav-HP" failures="1" tests="1" name="linux-chrome" time="71.643" errors="0" timestamp="2024-10-14T21:57:13 IST">
  <testcase classname="testCases.TC_CalendarTest" name="verifyCalendar" time="10.13">
    <failure type="java.lang.AssertionError" message="Test case failed: org.openqa.selenium.ElementNotInteractableException: element not interactable
  (Session info: chrome=127.0.6533.119)
Build info: version: &amp;apos;4.25.0&amp;apos;, revision: &amp;apos;8a8aea2337&amp;apos;
System info: os.name: &amp;apos;Windows 11&amp;apos;, os.arch: &amp;apos;amd64&amp;apos;, os.version: &amp;apos;10.0&amp;apos;, java.version: &amp;apos;22&amp;apos;
Driver info: org.openqa.selenium.remote.RemoteWebDriver
Command: [e68395c94d0b74fd52fe70c3a95d25bb, clickElement {id=f.1FE819AF37F877EEF9A5971D561E213E.d.D037207EB67AF23139A03FDD9C9E0A53.e.70}]
Capabilities {acceptInsecureCerts: false, browserName: chrome, browserVersion: 127.0.6533.119, chrome: {chromedriverVersion: 127.0.6533.119 (bdef6783a05..., userDataDir: /tmp/.org.chromium.Chromium...}, fedcm:accounts: true, goog:chromeOptions: {debuggerAddress: localhost:33829}, networkConnectionEnabled: false, pageLoadStrategy: normal, platformName: linux, proxy: Proxy(), se:bidiEnabled: false, se:cdp: ws://172.19.0.4:4444/sessio..., se:cdpVersion: 127.0.6533.119, se:vnc: ws://172.19.0.4:4444/sessio..., se:vncEnabled: true, se:vncLocalAddress: ws://172.19.0.4:7900, setWindowRect: true, strictFileInteractability: false, timeouts: {implicit: 0, pageLoad: 300000, script: 30000}, unhandledPromptBehavior: dismiss and notify, webauthn:extension:credBlob: true, webauthn:extension:largeBlob: true, webauthn:extension:minPinLength: true, webauthn:extension:prf: true, webauthn:virtualAuthenticators: true}
Element: [[RemoteWebDriver: chrome on linux (e68395c94d0b74fd52fe70c3a95d25bb)] -&amp;gt; xpath: //span[normalize-space()=&amp;apos;HR Core&amp;apos;]]
Session ID: e68395c94d0b74fd52fe70c3a95d25bb">
      <![CDATA[java.lang.AssertionError: Test case failed: org.openqa.selenium.ElementNotInteractableException: element not interactable
  (Session info: chrome=127.0.6533.119)
Build info: version: '4.25.0', revision: '8a8aea2337'
System info: os.name: 'Windows 11', os.arch: 'amd64', os.version: '10.0', java.version: '22'
Driver info: org.openqa.selenium.remote.RemoteWebDriver
Command: [e68395c94d0b74fd52fe70c3a95d25bb, clickElement {id=f.1FE819AF37F877EEF9A5971D561E213E.d.D037207EB67AF23139A03FDD9C9E0A53.e.70}]
Capabilities {acceptInsecureCerts: false, browserName: chrome, browserVersion: 127.0.6533.119, chrome: {chromedriverVersion: 127.0.6533.119 (bdef6783a05..., userDataDir: /tmp/.org.chromium.Chromium...}, fedcm:accounts: true, goog:chromeOptions: {debuggerAddress: localhost:33829}, networkConnectionEnabled: false, pageLoadStrategy: normal, platformName: linux, proxy: Proxy(), se:bidiEnabled: false, se:cdp: ws://172.19.0.4:4444/sessio..., se:cdpVersion: 127.0.6533.119, se:vnc: ws://172.19.0.4:4444/sessio..., se:vncEnabled: true, se:vncLocalAddress: ws://172.19.0.4:7900, setWindowRect: true, strictFileInteractability: false, timeouts: {implicit: 0, pageLoad: 300000, script: 30000}, unhandledPromptBehavior: dismiss and notify, webauthn:extension:credBlob: true, webauthn:extension:largeBlob: true, webauthn:extension:minPinLength: true, webauthn:extension:prf: true, webauthn:virtualAuthenticators: true}
Element: [[RemoteWebDriver: chrome on linux (e68395c94d0b74fd52fe70c3a95d25bb)] -> xpath: //span[normalize-space()='HR Core']]
Session ID: e68395c94d0b74fd52fe70c3a95d25bb
at testCases.TC_CalendarTest.verifyCalendar(TC_CalendarTest.java:52)
at java.base/java.util.ArrayList.forEach(ArrayList.java:1597)
... Removed 26 stack frames]]>
    </failure>
  </testcase> <!-- verifyCalendar -->
</testsuite> <!-- linux-chrome -->
